
=== Thu May  9 15:06:37 2019

Packages were changed.
Update Mode: updateDependencies

The following packages were added:
  com.unity.collab-proxy@1.2.16
  com.unity.timeline@1.0.0
  com.unity.multiplayer-hlapi@1.0.2
  com.unity.xr.legacyinputhelpers@2.0.2
The following packages were updated:
  com.unity.package-manager-ui from version 1.9.11 to 2.1.2

=== Fri Feb 14 16:54:49 2020

Packages were changed.
Update Mode: updateDependencies

The following packages were added:
  com.unity.2d.tilemap@1.0.0
  com.unity.test-framework@1.1.9
  com.unity.2d.sprite@1.0.0
  com.unity.ide.vscode@1.1.4
  com.unity.ide.rider@1.1.4
  com.unity.ugui@1.0.0
  com.unity.modules.androidjni@1.0.0
The following packages were removed:
  com.unity.package-manager-ui@2.1.2
